[0616/230432.264:INFO:CONSOLE:1] "Error", source: https://fs15.lol/js/9c9e0968.js (1)
[0616/230432.308:INFO:CONSOLE:184] "[fss-wprog] news_id= 15117656", source: https://fs15.lol/js/wprog.js?v=20260526prefs9 (184)
[0616/230432.398:INFO:CONSOLE:241] "libs90 error caught: Error: Syntax error, unrecognized expression: .", source: https://fs15.lol/js/libs91.js (241)
[0616/230432.523:INFO:CONSOLE:189] "[fss-wprog] response= [object Object]", source: https://fs15.lol/js/wprog.js?v=20260526prefs9 (189)
[0616/230436.216:INFO:CONSOLE:49] "MIXPANEL PEOPLE REQUEST (QUEUED, PENDING IDENTIFY):", source: https://www.etoro.com/fr/trading/cfd/?utm_medium=Networks&utm_source=89099&utm_content=20365&utm_serial=%5Bclickid%5D&utm_campaign=%5Bclickid%5D&utm_term= (49)
[0616/230436.216:INFO:CONSOLE:49] "[object Object]", source: https://www.etoro.com/fr/trading/cfd/?utm_medium=Networks&utm_source=89099&utm_content=20365&utm_serial=%5Bclickid%5D&utm_campaign=%5Bclickid%5D&utm_term= (49)
[0616/230436.227:INFO:CONSOLE:49] "MIXPANEL PEOPLE REQUEST (QUEUED, PENDING IDENTIFY):", source: https://www.etoro.com/fr/trading/cfd/?utm_medium=Networks&utm_source=89099&utm_content=20365&utm_serial=%5Bclickid%5D&utm_campaign=%5Bclickid%5D&utm_term= (49)
[0616/230436.229:INFO:CONSOLE:49] "[object Object]", source: https://www.etoro.com/fr/trading/cfd/?utm_medium=Networks&utm_source=89099&utm_content=20365&utm_serial=%5Bclickid%5D&utm_campaign=%5Bclickid%5D&utm_term= (49)
[0616/230436.386:INFO:CONSOLE:49] "[flags] Cleared persisted variants from IndexedDB", source: https://www.etoro.com/fr/trading/cfd/?utm_medium=Networks&utm_source=89099&utm_content=20365&utm_serial=%5Bclickid%5D&utm_campaign=%5Bclickid%5D&utm_term= (49)
[0616/230437.020:INFO:CONSOLE:49] "defined Country And Regulation: {"regulationId":1,"countryId":74}", source: https://www.etoro.com/fr/trading/cfd/?utm_medium=Networks&utm_source=89099&utm_content=20365&utm_serial=%5Bclickid%5D&utm_campaign=%5Bclickid%5D&utm_term= (49)
[0616/230437.247:INFO:CONSOLE:49] "Disclaimer API response: [object Object],[object Object]", source: https://www.etoro.com/fr/trading/cfd/?utm_medium=Networks&utm_source=89099&utm_content=20365&utm_serial=%5Bclickid%5D&utm_campaign=%5Bclickid%5D&utm_term= (49)
[0616/230437.256:INFO:CONSOLE:49] "Generated OneLink parameters &af_js_web=true&af_ss_ver=2_10_0&pid=Networks&c=89099&af_ss_ui=true", source: https://www.etoro.com/fr/trading/cfd/?utm_medium=Networks&utm_source=89099&utm_content=20365&utm_serial=%5Bclickid%5D&utm_campaign=%5Bclickid%5D&utm_term= (49)
[0616/230437.256:INFO:CONSOLE:49] "Generated OneLink URL https://etoro.onelink.me/2615279504?af_js_web=true&af_ss_ver=2_10_0&pid=Networks&c=89099&af_ss_ui=true", source: https://www.etoro.com/fr/trading/cfd/?utm_medium=Networks&utm_source=89099&utm_content=20365&utm_serial=%5Bclickid%5D&utm_campaign=%5Bclickid%5D&utm_term= (49)
[0616/230437.257:INFO:CONSOLE:49] "Generated OneLink parameters &af_js_web=true&af_ss_ver=2_10_0&pid=Networks&c=89099&af_ss_ui=true", source: https://www.etoro.com/fr/trading/cfd/?utm_medium=Networks&utm_source=89099&utm_content=20365&utm_serial=%5Bclickid%5D&utm_campaign=%5Bclickid%5D&utm_term= (49)
[0616/230437.257:INFO:CONSOLE:49] "Generated OneLink URL https://etoro.onelink.me/2615279504?af_js_web=true&af_ss_ver=2_10_0&pid=Networks&c=89099&af_ss_ui=true", source: https://www.etoro.com/fr/trading/cfd/?utm_medium=Networks&utm_source=89099&utm_content=20365&utm_serial=%5Bclickid%5D&utm_campaign=%5Bclickid%5D&utm_term= (49)
[0616/230437.258:INFO:CONSOLE:49] "Generated OneLink parameters &af_js_web=true&af_ss_ver=2_10_0&pid=Networks&c=89099&af_ss_ui=true", source: https://www.etoro.com/fr/trading/cfd/?utm_medium=Networks&utm_source=89099&utm_content=20365&utm_serial=%5Bclickid%5D&utm_campaign=%5Bclickid%5D&utm_term= (49)
[0616/230437.258:INFO:CONSOLE:49] "Generated OneLink URL https://etoro.onelink.me/2615279504?af_js_web=true&af_ss_ver=2_10_0&pid=Networks&c=89099&af_ss_ui=true", source: https://www.etoro.com/fr/trading/cfd/?utm_medium=Networks&utm_source=89099&utm_content=20365&utm_serial=%5Bclickid%5D&utm_campaign=%5Bclickid%5D&utm_term= (49)
[0616/230437.259:INFO:CONSOLE:49] "Generated OneLink parameters &af_js_web=true&af_ss_ver=2_10_0&pid=Networks&c=89099&af_ss_ui=true", source: https://www.etoro.com/fr/trading/cfd/?utm_medium=Networks&utm_source=89099&utm_content=20365&utm_serial=%5Bclickid%5D&utm_campaign=%5Bclickid%5D&utm_term= (49)
[0616/230437.259:INFO:CONSOLE:49] "Generated OneLink URL https://etoro.onelink.me/2615279504?af_js_web=true&af_ss_ver=2_10_0&pid=Networks&c=89099&af_ss_ui=true", source: https://www.etoro.com/fr/trading/cfd/?utm_medium=Networks&utm_source=89099&utm_content=20365&utm_serial=%5Bclickid%5D&utm_campaign=%5Bclickid%5D&utm_term= (49)
[0616/230437.260:INFO:CONSOLE:49] "Generated OneLink parameters &af_js_web=true&af_ss_ver=2_10_0&pid=Networks&c=89099&af_ss_ui=true", source: https://www.etoro.com/fr/trading/cfd/?utm_medium=Networks&utm_source=89099&utm_content=20365&utm_serial=%5Bclickid%5D&utm_campaign=%5Bclickid%5D&utm_term= (49)
[0616/230437.261:INFO:CONSOLE:49] "Generated OneLink URL https://etoro.onelink.me/2615279504?af_js_web=true&af_ss_ver=2_10_0&pid=Networks&c=89099&af_ss_ui=true", source: https://www.etoro.com/fr/trading/cfd/?utm_medium=Networks&utm_source=89099&utm_content=20365&utm_serial=%5Bclickid%5D&utm_campaign=%5Bclickid%5D&utm_term= (49)
[0616/230437.262:INFO:CONSOLE:49] "Generated OneLink parameters &af_js_web=true&af_ss_ver=2_10_0&pid=Networks&c=89099&af_ss_ui=true", source: https://www.etoro.com/fr/trading/cfd/?utm_medium=Networks&utm_source=89099&utm_content=20365&utm_serial=%5Bclickid%5D&utm_campaign=%5Bclickid%5D&utm_term= (49)
[0616/230437.263:INFO:CONSOLE:49] "Generated OneLink URL https://etoro.onelink.me/2615279504?af_js_web=true&af_ss_ver=2_10_0&pid=Networks&c=89099&af_ss_ui=true", source: https://www.etoro.com/fr/trading/cfd/?utm_medium=Networks&utm_source=89099&utm_content=20365&utm_serial=%5Bclickid%5D&utm_campaign=%5Bclickid%5D&utm_term= (49)
[0616/230437.263:INFO:CONSOLE:49] "Generated OneLink parameters &af_js_web=true&af_ss_ver=2_10_0&pid=Networks&c=89099&af_ss_ui=true", source: https://www.etoro.com/fr/trading/cfd/?utm_medium=Networks&utm_source=89099&utm_content=20365&utm_serial=%5Bclickid%5D&utm_campaign=%5Bclickid%5D&utm_term= (49)
[0616/230437.263:INFO:CONSOLE:49] "Generated OneLink URL https://etoro.onelink.me/2615279504?af_js_web=true&af_ss_ver=2_10_0&pid=Networks&c=89099&af_ss_ui=true", source: https://www.etoro.com/fr/trading/cfd/?utm_medium=Networks&utm_source=89099&utm_content=20365&utm_serial=%5Bclickid%5D&utm_campaign=%5Bclickid%5D&utm_term= (49)
[0616/230437.264:INFO:CONSOLE:49] "Generated OneLink parameters &af_js_web=true&af_ss_ver=2_10_0&pid=Networks&c=89099&af_ss_ui=true", source: https://www.etoro.com/fr/trading/cfd/?utm_medium=Networks&utm_source=89099&utm_content=20365&utm_serial=%5Bclickid%5D&utm_campaign=%5Bclickid%5D&utm_term= (49)
[0616/230437.264:INFO:CONSOLE:49] "Generated OneLink URL https://etoro.onelink.me/2615279504?af_js_web=true&af_ss_ver=2_10_0&pid=Networks&c=89099&af_ss_ui=true", source: https://www.etoro.com/fr/trading/cfd/?utm_medium=Networks&utm_source=89099&utm_content=20365&utm_serial=%5Bclickid%5D&utm_campaign=%5Bclickid%5D&utm_term= (49)
[0616/230437.265:INFO:CONSOLE:49] "Generated OneLink parameters &af_js_web=true&af_ss_ver=2_10_0&pid=Networks&c=89099&af_ss_ui=true", source: https://www.etoro.com/fr/trading/cfd/?utm_medium=Networks&utm_source=89099&utm_content=20365&utm_serial=%5Bclickid%5D&utm_campaign=%5Bclickid%5D&utm_term= (49)
[0616/230437.265:INFO:CONSOLE:49] "Generated OneLink URL https://etoro.onelink.me/2615279504?af_js_web=true&af_ss_ver=2_10_0&pid=Networks&c=89099&af_ss_ui=true", source: https://www.etoro.com/fr/trading/cfd/?utm_medium=Networks&utm_source=89099&utm_content=20365&utm_serial=%5Bclickid%5D&utm_campaign=%5Bclickid%5D&utm_term= (49)
[0616/230437.266:INFO:CONSOLE:49] "Generated OneLink parameters &af_js_web=true&af_ss_ver=2_10_0&pid=Networks&c=89099&af_ss_ui=true", source: https://www.etoro.com/fr/trading/cfd/?utm_medium=Networks&utm_source=89099&utm_content=20365&utm_serial=%5Bclickid%5D&utm_campaign=%5Bclickid%5D&utm_term= (49)
[0616/230437.266:INFO:CONSOLE:49] "Generated OneLink URL https://etoro.onelink.me/2615279504?af_js_web=true&af_ss_ver=2_10_0&pid=Networks&c=89099&af_ss_ui=true", source: https://www.etoro.com/fr/trading/cfd/?utm_medium=Networks&utm_source=89099&utm_content=20365&utm_serial=%5Bclickid%5D&utm_campaign=%5Bclickid%5D&utm_term= (49)
[0616/230437.267:INFO:CONSOLE:49] "Generated OneLink parameters &af_js_web=true&af_ss_ver=2_10_0&pid=Networks&c=89099&af_ss_ui=true", source: https://www.etoro.com/fr/trading/cfd/?utm_medium=Networks&utm_source=89099&utm_content=20365&utm_serial=%5Bclickid%5D&utm_campaign=%5Bclickid%5D&utm_term= (49)
[0616/230437.267:INFO:CONSOLE:49] "Generated OneLink URL https://etoro.onelink.me/2615279504?af_js_web=true&af_ss_ver=2_10_0&pid=Networks&c=89099&af_ss_ui=true", source: https://www.etoro.com/fr/trading/cfd/?utm_medium=Networks&utm_source=89099&utm_content=20365&utm_serial=%5Bclickid%5D&utm_campaign=%5Bclickid%5D&utm_term= (49)
[0616/230437.267:INFO:CONSOLE:49] "Generated OneLink parameters &af_js_web=true&af_ss_ver=2_10_0&pid=Networks&c=89099&af_ss_ui=true", source: https://www.etoro.com/fr/trading/cfd/?utm_medium=Networks&utm_source=89099&utm_content=20365&utm_serial=%5Bclickid%5D&utm_campaign=%5Bclickid%5D&utm_term= (49)
[0616/230437.267:INFO:CONSOLE:49] "Generated OneLink URL https://etoro.onelink.me/2615279504?af_js_web=true&af_ss_ver=2_10_0&pid=Networks&c=89099&af_ss_ui=true", source: https://www.etoro.com/fr/trading/cfd/?utm_medium=Networks&utm_source=89099&utm_content=20365&utm_serial=%5Bclickid%5D&utm_campaign=%5Bclickid%5D&utm_term= (49)
[0616/230437.481:INFO:CONSOLE:108] "SB location:  /fr/trading/cfd/?utm_medium=Networks&utm_source=89099&utm_content=20365&utm_serial=%5Bclickid%5D&utm_campaign=%5Bclickid%5D&utm_term=&domain=www.etoro.com&referrer=", source: https://etoro-px.s3-eu-west-1.amazonaws.com/loaders/sb.html?target=%2Ffr%2Ftrading%2Fcfd%2F%3Futm_medium%3DNetworks%26utm_source%3D89099%26utm_content%3D20365%26utm_serial%3D%255Bclickid%255D%26utm_campaign%3D%255Bclickid%255D%26utm_term%3D%26domain%3Dwww.etoro.com%26referrer%3D (108)
[0616/230437.730:ERROR:content\public\browser\web_contents_delegate.cc:309] WebContentsDelegate::CheckMediaAccessPermission: Not supported.
[0616/230437.730:ERROR:content\public\browser\web_contents_delegate.cc:309] WebContentsDelegate::CheckMediaAccessPermission: Not supported.
[0616/230438.057:INFO:CONSOLE:49] "defined Country And Regulation: {"regulationId":1,"countryId":74}", source: https://www.etoro.com/fr/trading/cfd/?utm_medium=Networks&utm_source=89099&utm_content=20365&utm_serial=%5Bclickid%5D&utm_campaign=%5Bclickid%5D&utm_term= (49)
[0616/230438.091:INFO:CONSOLE:49] "Generated OneLink parameters &af_js_web=true&af_ss_ver=2_10_0&pid=Networks&c=89099&af_ss_ui=true", source: https://www.etoro.com/fr/trading/cfd/?utm_medium=Networks&utm_source=89099&utm_content=20365&utm_serial=%5Bclickid%5D&utm_campaign=%5Bclickid%5D&utm_term= (49)
[0616/230438.092:INFO:CONSOLE:49] "Generated OneLink URL https://etoro.onelink.me/2615279504?af_js_web=true&af_ss_ver=2_10_0&pid=Networks&c=89099&af_ss_ui=true", source: https://www.etoro.com/fr/trading/cfd/?utm_medium=Networks&utm_source=89099&utm_content=20365&utm_serial=%5Bclickid%5D&utm_campaign=%5Bclickid%5D&utm_term= (49)
[0616/230438.092:INFO:CONSOLE:49] "Generated OneLink parameters &af_js_web=true&af_ss_ver=2_10_0&pid=Networks&c=89099&af_ss_ui=true", source: https://www.etoro.com/fr/trading/cfd/?utm_medium=Networks&utm_source=89099&utm_content=20365&utm_serial=%5Bclickid%5D&utm_campaign=%5Bclickid%5D&utm_term= (49)
[0616/230438.092:INFO:CONSOLE:49] "Generated OneLink URL https://etoro.onelink.me/2615279504?af_js_web=true&af_ss_ver=2_10_0&pid=Networks&c=89099&af_ss_ui=true", source: https://www.etoro.com/fr/trading/cfd/?utm_medium=Networks&utm_source=89099&utm_content=20365&utm_serial=%5Bclickid%5D&utm_campaign=%5Bclickid%5D&utm_term= (49)
[0616/230438.092:INFO:CONSOLE:49] "Generated OneLink parameters &af_js_web=true&af_ss_ver=2_10_0&pid=Networks&c=89099&af_ss_ui=true", source: https://www.etoro.com/fr/trading/cfd/?utm_medium=Networks&utm_source=89099&utm_content=20365&utm_serial=%5Bclickid%5D&utm_campaign=%5Bclickid%5D&utm_term= (49)
[0616/230438.092:INFO:CONSOLE:49] "Generated OneLink URL https://etoro.onelink.me/2615279504?af_js_web=true&af_ss_ver=2_10_0&pid=Networks&c=89099&af_ss_ui=true", source: https://www.etoro.com/fr/trading/cfd/?utm_medium=Networks&utm_source=89099&utm_content=20365&utm_serial=%5Bclickid%5D&utm_campaign=%5Bclickid%5D&utm_term= (49)
[0616/230438.092:INFO:CONSOLE:49] "Generated OneLink parameters &af_js_web=true&af_ss_ver=2_10_0&pid=Networks&c=89099&af_ss_ui=true", source: https://www.etoro.com/fr/trading/cfd/?utm_medium=Networks&utm_source=89099&utm_content=20365&utm_serial=%5Bclickid%5D&utm_campaign=%5Bclickid%5D&utm_term= (49)
[0616/230438.092:INFO:CONSOLE:49] "Generated OneLink URL https://etoro.onelink.me/2615279504?af_js_web=true&af_ss_ver=2_10_0&pid=Networks&c=89099&af_ss_ui=true", source: https://www.etoro.com/fr/trading/cfd/?utm_medium=Networks&utm_source=89099&utm_content=20365&utm_serial=%5Bclickid%5D&utm_campaign=%5Bclickid%5D&utm_term= (49)
[0616/230438.302:INFO:CONSOLE:0] "Provider's accounts list is empty.", source: https://www.etoro.com/fr/trading/cfd/?utm_medium=Networks&utm_source=89099&utm_content=20365&utm_serial=%5Bclickid%5D&utm_campaign=%5Bclickid%5D&utm_term= (0)
[0616/230441.232:INFO:CONSOLE:49] "[batch] MIXPANEL REQUEST: [object Object]", source: https://www.etoro.com/fr/trading/cfd/?utm_medium=Networks&utm_source=89099&utm_content=20365&utm_serial=%5Bclickid%5D&utm_campaign=%5Bclickid%5D&utm_term= (49)
[0616/230446.282:INFO:CONSOLE:49] "[GSI_LOGGER]: FedCM get() rejects with NetworkError: Error retrieving a token.", source: https://www.etoro.com/fr/trading/cfd/?utm_medium=Networks&utm_source=89099&utm_content=20365&utm_serial=%5Bclickid%5D&utm_campaign=%5Bclickid%5D&utm_term= (49)
